[29-Apr-2020 22:28:13 UTC] PHP Warning:  file_get_contents(/parties.json): failed to open stream: No such file or directory in C:\PROJECTS\BallotCalcUa\calculate.php on line 3
[29-Apr-2020 22:28:13 UTC] PHP Warning:  file_get_contents(/questions.json): failed to open stream: No such file or directory in C:\PROJECTS\BallotCalcUa\calculate.php on line 4
[29-Apr-2020 22:28:13 UTC] PHP Warning:  Invalid argument supplied for foreach() in C:\PROJECTS\BallotCalcUa\calculate.php on line 8
[29-Apr-2020 22:29:52 UTC] PHP Warning:  Invalid argument supplied for foreach() in C:\PROJECTS\BallotCalcUa\calculate.php on line 8
[29-Apr-2020 22:30:21 UTC] PHP Warning:  Invalid argument supplied for foreach() in C:\PROJECTS\BallotCalcUa\calculate.php on line 8
[29-Apr-2020 22:30:22 UTC] PHP Warning:  Invalid argument supplied for foreach() in C:\PROJECTS\BallotCalcUa\calculate.php on line 8
[29-Apr-2020 22:31:28 UTC] PHP Warning:  First parameter must either be an object or the name of an existing class in C:\PROJECTS\BallotCalcUa\calculate.php on line 13
[29-Apr-2020 23:02:44 UTC] PHP Notice:  Undefined variable: maxresult in C:\PROJECTS\BallotCalcUa\calculate.php on line 27
[29-Apr-2020 23:02:44 UTC] PHP Warning:  Division by zero in C:\PROJECTS\BallotCalcUa\calculate.php on line 27
[29-Apr-2020 23:02:44 UTC] PHP Warning:  Use of undefined constant i - assumed 'i' (this will throw an Error in a future version of PHP) in C:\PROJECTS\BallotCalcUa\calculate.php on line 29
[29-Apr-2020 23:02:44 UTC] PHP Notice:  Undefined index: i in C:\PROJECTS\BallotCalcUa\calculate.php on line 29
[29-Apr-2020 23:02:44 UTC] PHP Notice:  Trying to get property 'name' of non-object in C:\PROJECTS\BallotCalcUa\calculate.php on line 30
[29-Apr-2020 23:02:44 UTC] PHP Notice:  Trying to get property 'user_match' of non-object in C:\PROJECTS\BallotCalcUa\calculate.php on line 30
[29-Apr-2020 23:02:44 UTC] PHP Notice:  Trying to get property 'info' of non-object in C:\PROJECTS\BallotCalcUa\calculate.php on line 30
[29-Apr-2020 23:02:44 UTC] PHP Notice:  Undefined variable: maxresult in C:\PROJECTS\BallotCalcUa\calculate.php on line 27
[29-Apr-2020 23:02:44 UTC] PHP Warning:  Division by zero in C:\PROJECTS\BallotCalcUa\calculate.php on line 27
[29-Apr-2020 23:02:44 UTC] PHP Warning:  Use of undefined constant i - assumed 'i' (this will throw an Error in a future version of PHP) in C:\PROJECTS\BallotCalcUa\calculate.php on line 29
[29-Apr-2020 23:02:44 UTC] PHP Notice:  Undefined index: i in C:\PROJECTS\BallotCalcUa\calculate.php on line 29
[29-Apr-2020 23:02:44 UTC] PHP Notice:  Trying to get property 'name' of non-object in C:\PROJECTS\BallotCalcUa\calculate.php on line 30
[29-Apr-2020 23:02:44 UTC] PHP Notice:  Trying to get property 'user_match' of non-object in C:\PROJECTS\BallotCalcUa\calculate.php on line 30
[29-Apr-2020 23:02:44 UTC] PHP Notice:  Trying to get property 'info' of non-object in C:\PROJECTS\BallotCalcUa\calculate.php on line 30
[29-Apr-2020 23:02:44 UTC] PHP Notice:  Undefined variable: maxresult in C:\PROJECTS\BallotCalcUa\calculate.php on line 27
[29-Apr-2020 23:02:44 UTC] PHP Warning:  Division by zero in C:\PROJECTS\BallotCalcUa\calculate.php on line 27
[29-Apr-2020 23:02:44 UTC] PHP Warning:  Use of undefined constant i - assumed 'i' (this will throw an Error in a future version of PHP) in C:\PROJECTS\BallotCalcUa\calculate.php on line 29
[29-Apr-2020 23:02:44 UTC] PHP Notice:  Undefined index: i in C:\PROJECTS\BallotCalcUa\calculate.php on line 29
[29-Apr-2020 23:02:44 UTC] PHP Notice:  Trying to get property 'name' of non-object in C:\PROJECTS\BallotCalcUa\calculate.php on line 30
[29-Apr-2020 23:02:44 UTC] PHP Notice:  Trying to get property 'user_match' of non-object in C:\PROJECTS\BallotCalcUa\calculate.php on line 30
[29-Apr-2020 23:02:44 UTC] PHP Notice:  Trying to get property 'info' of non-object in C:\PROJECTS\BallotCalcUa\calculate.php on line 30
[29-Apr-2020 23:03:04 UTC] PHP Notice:  Undefined variable: maxresult in C:\PROJECTS\BallotCalcUa\calculate.php on line 27
[29-Apr-2020 23:03:04 UTC] PHP Warning:  Division by zero in C:\PROJECTS\BallotCalcUa\calculate.php on line 27
[29-Apr-2020 23:03:04 UTC] PHP Warning:  Use of undefined constant i - assumed 'i' (this will throw an Error in a future version of PHP) in C:\PROJECTS\BallotCalcUa\calculate.php on line 29
[29-Apr-2020 23:03:04 UTC] PHP Notice:  Undefined index: i in C:\PROJECTS\BallotCalcUa\calculate.php on line 29
[29-Apr-2020 23:03:04 UTC] PHP Notice:  Trying to get property 'name' of non-object in C:\PROJECTS\BallotCalcUa\calculate.php on line 30
[29-Apr-2020 23:03:04 UTC] PHP Notice:  Trying to get property 'user_match' of non-object in C:\PROJECTS\BallotCalcUa\calculate.php on line 30
[29-Apr-2020 23:03:04 UTC] PHP Notice:  Trying to get property 'info' of non-object in C:\PROJECTS\BallotCalcUa\calculate.php on line 30
[29-Apr-2020 23:03:04 UTC] PHP Notice:  Undefined variable: maxresult in C:\PROJECTS\BallotCalcUa\calculate.php on line 27
[29-Apr-2020 23:03:04 UTC] PHP Warning:  Division by zero in C:\PROJECTS\BallotCalcUa\calculate.php on line 27
[29-Apr-2020 23:03:04 UTC] PHP Warning:  Use of undefined constant i - assumed 'i' (this will throw an Error in a future version of PHP) in C:\PROJECTS\BallotCalcUa\calculate.php on line 29
[29-Apr-2020 23:03:04 UTC] PHP Notice:  Undefined index: i in C:\PROJECTS\BallotCalcUa\calculate.php on line 29
[29-Apr-2020 23:03:04 UTC] PHP Notice:  Trying to get property 'name' of non-object in C:\PROJECTS\BallotCalcUa\calculate.php on line 30
[29-Apr-2020 23:03:04 UTC] PHP Notice:  Trying to get property 'user_match' of non-object in C:\PROJECTS\BallotCalcUa\calculate.php on line 30
[29-Apr-2020 23:03:04 UTC] PHP Notice:  Trying to get property 'info' of non-object in C:\PROJECTS\BallotCalcUa\calculate.php on line 30
[29-Apr-2020 23:03:04 UTC] PHP Notice:  Undefined variable: maxresult in C:\PROJECTS\BallotCalcUa\calculate.php on line 27
[29-Apr-2020 23:03:04 UTC] PHP Warning:  Division by zero in C:\PROJECTS\BallotCalcUa\calculate.php on line 27
[29-Apr-2020 23:03:04 UTC] PHP Warning:  Use of undefined constant i - assumed 'i' (this will throw an Error in a future version of PHP) in C:\PROJECTS\BallotCalcUa\calculate.php on line 29
[29-Apr-2020 23:03:04 UTC] PHP Notice:  Undefined index: i in C:\PROJECTS\BallotCalcUa\calculate.php on line 29
[29-Apr-2020 23:03:04 UTC] PHP Notice:  Trying to get property 'name' of non-object in C:\PROJECTS\BallotCalcUa\calculate.php on line 30
[29-Apr-2020 23:03:04 UTC] PHP Notice:  Trying to get property 'user_match' of non-object in C:\PROJECTS\BallotCalcUa\calculate.php on line 30
[29-Apr-2020 23:03:04 UTC] PHP Notice:  Trying to get property 'info' of non-object in C:\PROJECTS\BallotCalcUa\calculate.php on line 30
[29-Apr-2020 23:03:07 UTC] PHP Notice:  Undefined variable: maxresult in C:\PROJECTS\BallotCalcUa\calculate.php on line 27
[29-Apr-2020 23:03:07 UTC] PHP Warning:  Division by zero in C:\PROJECTS\BallotCalcUa\calculate.php on line 27
[29-Apr-2020 23:03:07 UTC] PHP Warning:  Use of undefined constant i - assumed 'i' (this will throw an Error in a future version of PHP) in C:\PROJECTS\BallotCalcUa\calculate.php on line 29
[29-Apr-2020 23:03:07 UTC] PHP Notice:  Undefined index: i in C:\PROJECTS\BallotCalcUa\calculate.php on line 29
[29-Apr-2020 23:03:07 UTC] PHP Notice:  Trying to get property 'name' of non-object in C:\PROJECTS\BallotCalcUa\calculate.php on line 30
[29-Apr-2020 23:03:07 UTC] PHP Notice:  Trying to get property 'user_match' of non-object in C:\PROJECTS\BallotCalcUa\calculate.php on line 30
[29-Apr-2020 23:03:07 UTC] PHP Notice:  Trying to get property 'info' of non-object in C:\PROJECTS\BallotCalcUa\calculate.php on line 30
[29-Apr-2020 23:03:07 UTC] PHP Notice:  Undefined variable: maxresult in C:\PROJECTS\BallotCalcUa\calculate.php on line 27
[29-Apr-2020 23:03:07 UTC] PHP Warning:  Division by zero in C:\PROJECTS\BallotCalcUa\calculate.php on line 27
[29-Apr-2020 23:03:07 UTC] PHP Warning:  Use of undefined constant i - assumed 'i' (this will throw an Error in a future version of PHP) in C:\PROJECTS\BallotCalcUa\calculate.php on line 29
[29-Apr-2020 23:03:07 UTC] PHP Notice:  Undefined index: i in C:\PROJECTS\BallotCalcUa\calculate.php on line 29
[29-Apr-2020 23:03:07 UTC] PHP Notice:  Trying to get property 'name' of non-object in C:\PROJECTS\BallotCalcUa\calculate.php on line 30
[29-Apr-2020 23:03:07 UTC] PHP Notice:  Trying to get property 'user_match' of non-object in C:\PROJECTS\BallotCalcUa\calculate.php on line 30
[29-Apr-2020 23:03:07 UTC] PHP Notice:  Trying to get property 'info' of non-object in C:\PROJECTS\BallotCalcUa\calculate.php on line 30
[29-Apr-2020 23:03:07 UTC] PHP Notice:  Undefined variable: maxresult in C:\PROJECTS\BallotCalcUa\calculate.php on line 27
[29-Apr-2020 23:03:07 UTC] PHP Warning:  Division by zero in C:\PROJECTS\BallotCalcUa\calculate.php on line 27
[29-Apr-2020 23:03:07 UTC] PHP Warning:  Use of undefined constant i - assumed 'i' (this will throw an Error in a future version of PHP) in C:\PROJECTS\BallotCalcUa\calculate.php on line 29
[29-Apr-2020 23:03:07 UTC] PHP Notice:  Undefined index: i in C:\PROJECTS\BallotCalcUa\calculate.php on line 29
[29-Apr-2020 23:03:07 UTC] PHP Notice:  Trying to get property 'name' of non-object in C:\PROJECTS\BallotCalcUa\calculate.php on line 30
[29-Apr-2020 23:03:07 UTC] PHP Notice:  Trying to get property 'user_match' of non-object in C:\PROJECTS\BallotCalcUa\calculate.php on line 30
[29-Apr-2020 23:03:07 UTC] PHP Notice:  Trying to get property 'info' of non-object in C:\PROJECTS\BallotCalcUa\calculate.php on line 30
[29-Apr-2020 23:03:12 UTC] PHP Warning:  Use of undefined constant i - assumed 'i' (this will throw an Error in a future version of PHP) in C:\PROJECTS\BallotCalcUa\calculate.php on line 29
[29-Apr-2020 23:03:12 UTC] PHP Notice:  Undefined index: i in C:\PROJECTS\BallotCalcUa\calculate.php on line 29
[29-Apr-2020 23:03:12 UTC] PHP Notice:  Trying to get property 'name' of non-object in C:\PROJECTS\BallotCalcUa\calculate.php on line 30
[29-Apr-2020 23:03:12 UTC] PHP Notice:  Trying to get property 'user_match' of non-object in C:\PROJECTS\BallotCalcUa\calculate.php on line 30
[29-Apr-2020 23:03:12 UTC] PHP Notice:  Trying to get property 'info' of non-object in C:\PROJECTS\BallotCalcUa\calculate.php on line 30
[29-Apr-2020 23:03:12 UTC] PHP Warning:  Use of undefined constant i - assumed 'i' (this will throw an Error in a future version of PHP) in C:\PROJECTS\BallotCalcUa\calculate.php on line 29
[29-Apr-2020 23:03:12 UTC] PHP Notice:  Undefined index: i in C:\PROJECTS\BallotCalcUa\calculate.php on line 29
[29-Apr-2020 23:03:12 UTC] PHP Notice:  Trying to get property 'name' of non-object in C:\PROJECTS\BallotCalcUa\calculate.php on line 30
[29-Apr-2020 23:03:12 UTC] PHP Notice:  Trying to get property 'user_match' of non-object in C:\PROJECTS\BallotCalcUa\calculate.php on line 30
[29-Apr-2020 23:03:12 UTC] PHP Notice:  Trying to get property 'info' of non-object in C:\PROJECTS\BallotCalcUa\calculate.php on line 30
[29-Apr-2020 23:03:12 UTC] PHP Warning:  Use of undefined constant i - assumed 'i' (this will throw an Error in a future version of PHP) in C:\PROJECTS\BallotCalcUa\calculate.php on line 29
[29-Apr-2020 23:03:12 UTC] PHP Notice:  Undefined index: i in C:\PROJECTS\BallotCalcUa\calculate.php on line 29
[29-Apr-2020 23:03:12 UTC] PHP Notice:  Trying to get property 'name' of non-object in C:\PROJECTS\BallotCalcUa\calculate.php on line 30
[29-Apr-2020 23:03:12 UTC] PHP Notice:  Trying to get property 'user_match' of non-object in C:\PROJECTS\BallotCalcUa\calculate.php on line 30
[29-Apr-2020 23:03:12 UTC] PHP Notice:  Trying to get property 'info' of non-object in C:\PROJECTS\BallotCalcUa\calculate.php on line 30
[29-Apr-2020 23:04:58 UTC] PHP Notice:  Undefined variable: matches in C:\PROJECTS\BallotCalcUa\calculate.php on line 19
[29-Apr-2020 23:04:58 UTC] PHP Notice:  Undefined offset: 0 in C:\PROJECTS\BallotCalcUa\calculate.php on line 19
[29-Apr-2020 23:04:58 UTC] PHP Notice:  Undefined offset: 1 in C:\PROJECTS\BallotCalcUa\calculate.php on line 19
[29-Apr-2020 23:04:58 UTC] PHP Notice:  Undefined offset: 2 in C:\PROJECTS\BallotCalcUa\calculate.php on line 19
[29-Apr-2020 23:05:39 UTC] PHP Notice:  Undefined variable: matches in C:\PROJECTS\BallotCalcUa\calculate.php on line 19
[29-Apr-2020 23:05:39 UTC] PHP Notice:  Undefined offset: 0 in C:\PROJECTS\BallotCalcUa\calculate.php on line 19
[29-Apr-2020 23:05:39 UTC] PHP Notice:  Undefined offset: 1 in C:\PROJECTS\BallotCalcUa\calculate.php on line 19
[29-Apr-2020 23:05:39 UTC] PHP Notice:  Undefined offset: 2 in C:\PROJECTS\BallotCalcUa\calculate.php on line 19
[30-Apr-2020 08:28:41 UTC] PHP Deprecated:  Unparenthesized `a ? b : c ? d : e` is deprecated. Use either `(a ? b : c) ? d : e` or `a ? b : (c ? d : e)` in C:\PROJECTS\BallotCalcUa\calculate.php on line 78
